<?xml version="1.0" encoding="UTF-8"?>
<testng-results ignored="0" total="2" passed="2" failed="0" skipped="0">
  <reporter-output>
  </reporter-output>
  <suite started-at="2023-06-10T16:38:01 IST" name="Default suite" finished-at="2023-06-10T16:38:05 IST" duration-ms="4592">
    <groups>
    </groups>
    <test started-at="2023-06-10T16:38:01 IST" name="Default test" finished-at="2023-06-10T16:38:05 IST" duration-ms="4592">
      <class name="LibraryAPIAutomation.LibraryApiTestNG">
        <test-method signature="addBook(java.lang.String,java.lang.String,java.lang.String)[pri:0, instance:LibraryAPIAutomation.LibraryApiTestNG@49912c99]" started-at="2023-06-10T16:38:01 IST" name="addBook" data-provider="addBookData" finished-at="2023-06-10T16:38:05 IST" duration-ms="4280" status="PASS">
          <params>
            <param index="0">
              <value>
                <![CDATA[TestViv23]]>
              </value>
            </param>
            <param index="1">
              <value>
                <![CDATA[12]]>
              </value>
            </param>
            <param index="2">
              <value>
                <![CDATA[Nidhi]]>
              </value>
            </param>
          </params>
          <reporter-output>
          </reporter-output>
        </test-method> <!-- addBook -->
        <test-method signature="addBook(java.lang.String,java.lang.String,java.lang.String)[pri:0, instance:LibraryAPIAutomation.LibraryApiTestNG@49912c99]" started-at="2023-06-10T16:38:05 IST" name="addBook" data-provider="addBookData" finished-at="2023-06-10T16:38:05 IST" duration-ms="230" status="PASS">
          <params>
            <param index="0">
              <value>
                <![CDATA[TestNid23]]>
              </value>
            </param>
            <param index="1">
              <value>
                <![CDATA[12]]>
              </value>
            </param>
            <param index="2">
              <value>
                <![CDATA[Vivek]]>
              </value>
            </param>
          </params>
          <reporter-output>
          </reporter-output>
        </test-method> <!-- addBook -->
      </class> <!-- LibraryAPIAutomation.LibraryApiTestNG -->
    </test> <!-- Default test -->
  </suite> <!-- Default suite -->
</testng-results>
